2024-09-09 16:21:50 [error]: Error fetching album:
2024-09-09 16:22:03 [error]: Error fetching album:
2024-09-10 08:55:58 [error]: Error fetching album:
2024-09-11 14:56:32 [error]: Error fetching album by ID 1dawda: invalid input syntax for type uuid: "1dawda"
2024-09-11 14:56:32 [error]: Error fetching album: invalid input syntax for type uuid: "1dawda"
2024-09-11 15:14:30 [error]: Error fetching albums: relation "albums" does not exist
2024-09-11 15:14:30 [error]: Error fetching albums: relation "albums" does not exist
2024-09-11 15:24:25 [error]: Error fetching album by ID 2: Album not found
2024-09-11 15:24:25 [error]: Error fetching album: Album not found
2024-09-11 15:30:54 [error]: Error fetching album by ID 2: Album not found
2024-09-11 15:30:54 [error]: Error fetching album: Album not found
2024-09-11 15:31:07 [error]: Error fetching album by ID 1: Album not found
2024-09-11 15:31:07 [error]: Error fetching album: Album not found
2024-09-12 11:15:44 [error]: Error fetching albums: Cannot read properties of undefined (reading 'getAlbums')
2024-09-12 11:16:42 [error]: Error fetching album with ID: albums-as312DSd Cannot read properties of undefined (reading 'getAlbumById')
2024-09-12 11:16:49 [error]: Error fetching albums: Cannot read properties of undefined (reading 'getAlbums')
2024-09-12 11:16:50 [error]: Error fetching albums: Cannot read properties of undefined (reading 'getAlbums')
2024-09-12 11:19:28 [error]: Error fetching albums: Cannot destructure property 'name' of 'undefined' as it is undefined.
2024-09-12 11:23:14 [error]: Error fetching albums: Cannot destructure property 'name' of 'undefined' as it is undefined.
2024-09-12 11:24:02 [error]: Error fetching albums: Cannot destructure property 'name' of 'undefined' as it is undefined.
2024-09-14 21:20:27 [error]: Validation error:
2024-09-14 21:20:35 [error]: Validation error:
2024-09-14 21:20:59 [error]: Validation error:
2024-09-14 21:21:34 [error]: Validation error:
2024-09-14 21:56:15 [error]: Validation error:
2024-09-14 21:56:40 [error]: Error updating album by ID: albums-TJlk2Bdxi7JkdVEFS Album not found
2024-09-14 21:56:40 [error]: Error updating album with ID: albums-TJlk2Bdxi7JkdVEFS Album not found
2024-09-14 21:56:58 [error]: Error fetching album by ID: albums-TJlk2Bdxi7JkdVEFS Album not found
2024-09-14 21:56:58 [error]: Error fetching album with ID: albums-TJlk2Bdxi7JkdVEFS Album not found
2024-09-14 21:57:33 [error]: Error updating album by ID: albums-TJlk2Bdxi7JkdVEFS Album not found
2024-09-14 21:57:33 [error]: Error updating album with ID: albums-TJlk2Bdxi7JkdVEFS Album not found
2024-09-14 21:57:40 [error]: Error deleting album by ID: albums-TJlk2Bdxi7JkdVEFS Album not found
2024-09-14 21:57:40 [error]: Error deleting album with ID: albums-TJlk2Bdxi7JkdVEFS Album not found
2024-09-14 21:58:48 [error]: Error deleting album by ID: albums-TJlk2Bdxi7JkdVEFS Album not found
2024-09-14 21:58:48 [error]: Error deleting album with ID: albums-TJlk2Bdxi7JkdVEFS Album not found
2024-09-14 21:58:59 [error]: Error updating album by ID: albums-TJlk2Bdxi7JkdVEFS Album not found
2024-09-14 21:58:59 [error]: Error updating album with ID: albums-TJlk2Bdxi7JkdVEFS Album not found
2024-09-14 22:00:04 [error]: Error fetching album by ID: albums-TJlk2Bdxi7JkdVEFS Album not found
2024-09-14 22:00:04 [error]: Error fetching album with ID: albums-TJlk2Bdxi7JkdVEFS Album not found
2024-09-14 22:00:07 [error]: Error fetching album by ID: albums-TJlk2Bdxi7JkdVEFS Album not found
2024-09-14 22:00:07 [error]: Error fetching album with ID: albums-TJlk2Bdxi7JkdVEFS Album not found
2024-09-14 22:00:09 [error]: Error fetching album by ID: albums-TJlk2Bdxi7JkdVEFS Album not found
2024-09-14 22:00:09 [error]: Error fetching album with ID: albums-TJlk2Bdxi7JkdVEFS Album not found
2024-09-14 22:00:21 [error]: Error fetching album by ID: albums-TJlk2Bdxi7JkdVEFS Album not found
2024-09-14 22:00:21 [error]: Error fetching album with ID: albums-TJlk2Bdxi7JkdVEFS Album not found
2024-09-14 22:07:02 [error]: Error fetching album by ID: albums-TJlk2Bdxi7JkdVEFS Album not found
2024-09-14 22:07:02 [error]: Error fetching album with ID: albums-TJlk2Bdxi7JkdVEFS Album not found
2024-09-14 22:07:33 [error]: Error updating album by ID: albums-TJlk2Bdxi7JkdVEFS Album not found
2024-09-14 22:07:33 [error]: Error updating album with ID: albums-TJlk2Bdxi7JkdVEFS Album not found
2024-09-14 22:07:37 [error]: Error deleting album by ID: albums-TJlk2Bdxi7JkdVEFS Album not found
2024-09-14 22:07:37 [error]: Error deleting album with ID: albums-TJlk2Bdxi7JkdVEFS Album not found
2024-09-14 22:07:45 [error]: Error deleting album by ID: albums-TJlk2Bdxi7JkdVEFS Album not found
2024-09-14 22:07:45 [error]: Error deleting album with ID: albums-TJlk2Bdxi7JkdVEFS Album not found
2024-09-14 22:07:54 [error]: Error fetching album by ID: albums-TJlk2Bdxi7JkdVEFS Album not found
2024-09-14 22:07:54 [error]: Error fetching album with ID: albums-TJlk2Bdxi7JkdVEFS Album not found
2024-09-14 22:09:05 [error]: Error fetching album by ID: albums-TJlk2Bdxi7JkdVEFS Album not found
2024-09-14 22:09:05 [error]: Error fetching album with ID: albums-TJlk2Bdxi7JkdVEFS Album not found
2024-09-14 22:09:12 [error]: Error updating album by ID: albums-TJlk2Bdxi7JkdVEFS Album not found
2024-09-14 22:09:12 [error]: Error updating album with ID: albums-TJlk2Bdxi7JkdVEFS Album not found
2024-09-14 22:14:38 [error]: Validation error:
2024-09-14 22:14:44 [error]: Validation error:
2024-09-14 22:15:16 [error]: Validation error:
2024-09-14 22:15:29 [error]: Validation error:
2024-09-15 08:19:41 [error]: Error fetching songs: id is not defined
2024-09-15 10:37:15 [error]: Validation error:
2024-09-15 10:37:48 [error]: Error updating album by ID: albums-DdEFCzn5u_i7DlWTS Album not found
2024-09-15 10:37:48 [error]: Error updating album with ID: albums-DdEFCzn5u_i7DlWTS Album not found
2024-09-15 10:38:19 [error]: Error fetching album by ID: albums-DdEFCzn5u_i7DlWTS Album not found
2024-09-15 10:38:19 [error]: Error fetching album with ID: albums-DdEFCzn5u_i7DlWTS Album not found
2024-09-15 10:38:35 [error]: Error fetching album by ID: albums-DdEFCzn5u_i7DlWTS Album not found
2024-09-15 10:38:35 [error]: Error fetching album with ID: albums-DdEFCzn5u_i7DlWTS Album not found
2024-09-15 10:38:42 [error]: Error updating album by ID: albums-DdEFCzn5u_i7DlWTS Album not found
2024-09-15 10:38:42 [error]: Error updating album with ID: albums-DdEFCzn5u_i7DlWTS Album not found
2024-09-15 10:45:39 [error]: Error fetching album by ID: albums-DdEFCzn5u_i7DlWTS Album not found
2024-09-15 10:45:39 [error]: Error updating album with ID: albums-DdEFCzn5u_i7DlWTS Album not found
2024-09-15 10:51:11 [error]: Error fetching album by ID: albums-DdEFCzn5u_i7DlWTS Album not found
2024-09-15 10:51:11 [error]: Error updating album with ID: albums-DdEFCzn5u_i7DlWTS Album not found
2024-09-15 11:01:23 [error]: Error fetching album by ID: albums-DdEFCzn5u_i7DlWTS Album not found
2024-09-15 11:01:23 [error]: Error updating album with ID: albums-DdEFCzn5u_i7DlWTS Album not found
2024-09-15 11:01:27 [error]: Error fetching album by ID: albums-DdEFCzn5u_i7DlWTS Album not found
2024-09-15 11:01:27 [error]: Error fetching album with ID: albums-DdEFCzn5u_i7DlWTS Album not found
2024-09-15 11:06:20 [error]: Error fetching album by ID: albums-DdEFCzn5u_i7DlWTS Album not found
2024-09-15 11:06:20 [error]: Error updating album with ID: albums-DdEFCzn5u_i7DlWTS Album not found
2024-09-15 11:09:48 [error]: Error fetching album by ID: albums-DdEFCzn5u_i7DlWTS Album not found
2024-09-15 11:09:48 [error]: Error fetching album with ID: albums-DdEFCzn5u_i7DlWTS Album not found
2024-09-15 11:10:39 [error]: Error fetching album by ID: albums-DdEFCzn5u_i7DlWTS Album not found
2024-09-15 11:10:39 [error]: Error updating album with ID: albums-DdEFCzn5u_i7DlWTS Album not found
2024-09-15 11:10:48 [error]: Validation error:
2024-09-15 11:10:56 [error]: Validation error:
2024-09-15 11:14:26 [error]: Validation error:
2024-09-15 11:14:52 [error]: Error fetching album by ID: albums-DdEFCzn5u_i7DlWTS Album not found
2024-09-15 11:14:52 [error]: Error fetching album with ID: albums-DdEFCzn5u_i7DlWTS Album not found
2024-09-15 11:14:56 [error]: Error fetching album by ID: albums-DdEFCzn5u_i7DlWTS Album not found
2024-09-15 11:14:56 [error]: Error deleting album with ID: albums-DdEFCzn5u_i7DlWTS Album not found
2024-09-15 11:15:02 [error]: Validation error:
2024-09-15 11:15:38 [error]: Validation error:
2024-09-15 11:15:42 [error]: Validation error:
2024-09-15 11:15:56 [error]: Validation error:
2024-09-15 11:20:08 [error]: Error fetching album by ID: albums-DdEFCzn5u_i7DlWTSA Album not found
2024-09-15 11:20:08 [error]: Error deleting album with ID: albums-DdEFCzn5u_i7DlWTSA Album not found
2024-09-15 17:31:19 [error]: Error fetching album by ID: albums-DdEFCzn5u_i7DlWTSA Album not found
2024-09-15 17:31:19 [error]: Error deleting album with ID: albums-DdEFCzn5u_i7DlWTSA Album not found
2024-09-15 17:32:59 [error]: Error fetching album by ID: albums-DdEFCzn5u_i7DlWTSA Album not found
2024-09-15 17:32:59 [error]: Error deleting album with ID: albums-DdEFCzn5u_i7DlWTSA Album not found
2024-09-15 17:33:13 [error]: Error fetching album by ID: albums-DdEFCzn5u_i7DlWTSA Album not found
2024-09-15 17:33:13 [error]: Error deleting album with ID: albums-DdEFCzn5u_i7DlWTSA Album not found
2024-09-15 17:35:20 [error]: Error fetching album by ID: albums-DdEFCzn5u_i7DlWTSA Album not found
2024-09-15 17:35:20 [error]: Error deleting album with ID: albums-DdEFCzn5u_i7DlWTSA Album not found
2024-09-15 17:40:39 [error]: Error fetching album by ID: albums-DdEFCzn5u_i7DlWTSA Album not found
2024-09-15 17:40:39 [error]: Error deleting album with ID: albums-DdEFCzn5u_i7DlWTSA Album not found
2024-09-15 17:41:54 [error]: Error fetching album by ID: albums-DdEFCzn5u_i7DlWTSA Album not found
2024-09-15 17:41:57 [error]: Error fetching album by ID: albums-DdEFCzn5u_i7DlWTSA Album not found
2024-09-15 17:42:42 [error]: Error deleting album by ID: albums-DdEFCzn5u_i7DlWTSA Album not found
2024-09-15 17:44:09 [error]: Error fetching album by ID: albums-DdEFCzn5u_i7DlWTSA Album not found
2024-09-15 17:44:09 [error]: Error deleting album with ID: albums-DdEFCzn5u_i7DlWTSA Album not found
2024-09-15 17:44:51 [error]: Validation error:
2024-09-15 17:46:06 [error]: Error fetching album by ID: albums-DdEFCzn5u_i7DlWTSA Album not found
2024-09-15 17:48:59 [error]: Error fetching album by ID: albums-DdEFCzn5u_i7DlWTSA Album not found
2024-09-15 17:49:27 [error]: Error fetching album by ID: albums-DdEFCzn5u_i7DlWTSA Album not found
2024-09-15 17:54:45 [error]: Error deleting song: Song not found
2024-09-15 17:54:48 [error]: Error deleting song: Song not found
2024-09-15 17:56:07 [error]: Error deleting song: Song not found
2024-09-15 17:56:43 [error]: Validation error:
2024-09-15 17:57:28 [error]: Validation error:
2024-09-15 17:57:33 [error]: Validation error:
2024-09-15 17:59:24 [error]: Error deleting song: Cannot read properties of undefined (reading 'getAlbumById')
2024-09-15 17:59:24 [error]: Error updating song: Cannot read properties of undefined (reading 'getAlbumById')
2024-09-15 18:00:12 [error]: Error deleting song: id is not defined
2024-09-15 18:00:12 [error]: Error updating song: id is not defined
2024-09-15 18:00:30 [error]: Error deleting song: Cannot access 'value' before initialization
2024-09-15 18:00:30 [error]: Error updating song: Cannot access 'value' before initialization
2024-09-15 18:02:53 [error]: Error deleting song: id is not defined
2024-09-15 18:02:53 [error]: Error updating song: id is not defined
2024-09-15 18:04:04 [error]: Validation error:
2024-09-15 18:05:17 [error]: Error fetching song:
2024-09-15 18:06:49 [error]: Error fetchingsong: Song not found
2024-09-15 18:09:38 [error]: Error fetchingsong: Song not found
2024-09-15 18:09:42 [error]: Error deleting song: Cannot access 'value' before initialization
2024-09-15 18:09:42 [error]: Error updating song: Cannot access 'value' before initialization
2024-09-15 18:10:02 [error]: Error deleting song: Cannot access 'value' before initialization
2024-09-15 18:10:02 [error]: Error updating song: Cannot access 'value' before initialization
2024-09-15 18:10:16 [error]: Error deleting song: Cannot destructure property 'title' of 'undefined' as it is undefined.
2024-09-15 18:10:16 [error]: Error updating song: Cannot destructure property 'title' of 'undefined' as it is undefined.
2024-09-15 18:10:31 [error]: Error deleting song: Cannot destructure property 'title' of 'undefined' as it is undefined.
2024-09-15 18:10:31 [error]: Error updating song: Cannot destructure property 'title' of 'undefined' as it is undefined.
2024-09-15 18:10:33 [error]: Error deleting song: Cannot destructure property 'title' of 'undefined' as it is undefined.
2024-09-15 18:10:33 [error]: Error updating song: Cannot destructure property 'title' of 'undefined' as it is undefined.
2024-09-15 18:10:34 [error]: Error deleting song: Cannot destructure property 'title' of 'undefined' as it is undefined.
2024-09-15 18:10:34 [error]: Error updating song: Cannot destructure property 'title' of 'undefined' as it is undefined.
2024-09-15 18:11:27 [error]: Error deleting song: Cannot destructure property 'title' of 'undefined' as it is undefined.
2024-09-15 18:11:27 [error]: Error updating song: Cannot destructure property 'title' of 'undefined' as it is undefined.
2024-09-15 18:11:30 [error]: Error deleting song: Cannot destructure property 'title' of 'undefined' as it is undefined.
2024-09-15 18:11:30 [error]: Error updating song: Cannot destructure property 'title' of 'undefined' as it is undefined.
2024-09-15 18:12:27 [error]: Error deleting song: Song not found
2024-09-15 18:12:50 [error]: Error deleting song: Cannot access 'value' before initialization
2024-09-15 18:12:50 [error]: Error updating song: Cannot access 'value' before initialization
2024-09-15 18:13:30 [error]: Validation error:
